[2025-05-30T03:40:45.008Z] Error for URL http://invalid-url-that-does-not-exist-hopefully.com: Simulated fetch error for non-existent URL
[2025-05-30T03:41:17.697Z] Erro ao ler ou processar o arquivo CSV test_sites.csv: ENOENT: no such file or directory, open 'test_sites.csv'
[2025-06-14T03:20:01.690Z] [INFO] [main] PSI data collection script started.
[2025-06-14T03:20:01.693Z] [INFO] [init] PSI_KEY environment variable is set.
[2025-06-14T03:20:01.693Z] [INFO] [init] Running in PRODUCTION mode. Input: /home/runner/work/sites_prefeituras/sites_prefeituras/sites_das_prefeituras_brasileiras.csv, Output: data/psi-results.json, CSV: data/psi-results.csv
[2025-06-14T03:20:01.699Z] [INFO] [loadState] Loaded processing state from data/psi_processing_state.json
[2025-06-14T03:20:01.749Z] [INFO] [readCsvFile] Loaded 5551 URLs from /home/runner/work/sites_prefeituras/sites_prefeituras/sites_das_prefeituras_brasileiras.csv after initial filter.
[2025-06-14T03:20:01.756Z] [INFO] [urlPrioritization] Prioritized 5551 URLs for processing. Newest/oldest attempts will be processed first.
[2025-06-14T03:20:01.756Z] [INFO] [mainLoop] Starting sequential processing of 5551 URLs with 1s spacing.
[2025-06-14T03:20:01.763Z] [INFO] [saveState] Processing state saved to data/psi_processing_state.json
[2025-06-14T03:20:13.553Z] [INFO] [fetchPSISuccess] ✅ https://labrea.am.gov.br → 1
[2025-06-14T03:20:13.562Z] [INFO] [saveState] Processing state saved to data/psi_processing_state.json
[2025-06-14T03:20:14.572Z] [INFO] [saveState] Processing state saved to data/psi_processing_state.json
[2025-06-14T03:21:02.622Z] [INFO] [fetchPSISuccess] ✅ http://www.manacapuru.am.gov.br → 0.4
[2025-06-14T03:21:02.631Z] [INFO] [saveState] Processing state saved to data/psi_processing_state.json
[2025-06-14T03:21:03.641Z] [INFO] [saveState] Processing state saved to data/psi_processing_state.json
[2025-06-14T03:21:30.823Z] [INFO] [fetchPSISuccess] ✅ https://transparenciamunicipalaam.org.br/p/manaquiri → 0.7
[2025-06-14T03:21:30.831Z] [INFO] [saveState] Processing state saved to data/psi_processing_state.json
[2025-06-14T03:21:31.841Z] [INFO] [saveState] Processing state saved to data/psi_processing_state.json
[2025-06-14T03:22:17.844Z] [INFO] [fetchPSISuccess] ✅ https://manaus.am.gov.br → 0.54
[2025-06-14T03:22:17.853Z] [INFO] [saveState] Processing state saved to data/psi_processing_state.json
[2025-06-14T03:22:18.862Z] [INFO] [saveState] Processing state saved to data/psi_processing_state.json
[2025-06-14T03:22:50.420Z] [INFO] [fetchPSISuccess] ✅ http://manicore.am.gov.br → 0.64
[2025-06-14T03:22:50.428Z] [INFO] [saveState] Processing state saved to data/psi_processing_state.json
[2025-06-14T03:22:51.438Z] [INFO] [saveState] Processing state saved to data/psi_processing_state.json
[2025-06-14T03:23:04.225Z] [INFO] [fetchPSISuccess] ✅ http://transparenciamunicipalaam.com.br/p/maraa → 0.86
[2025-06-14T03:23:04.234Z] [INFO] [saveState] Processing state saved to data/psi_processing_state.json
[2025-06-14T03:23:05.245Z] [INFO] [saveState] Processing state saved to data/psi_processing_state.json
[2025-06-14T03:23:59.464Z] [INFO] [fetchPSISuccess] ✅ https://www.maues.am.gov.br → 0.32
[2025-06-14T03:23:59.472Z] [INFO] [saveState] Processing state saved to data/psi_processing_state.json
[2025-06-14T03:24:00.482Z] [INFO] [saveState] Processing state saved to data/psi_processing_state.json
[2025-06-14T03:24:23.671Z] [INFO] [fetchPSISuccess] ✅ https://transparenciamunicipalaam.org.br/p/nova-olinda-do-norte → 0.59
[2025-06-14T03:24:23.682Z] [INFO] [saveState] Processing state saved to data/psi_processing_state.json
[2025-06-14T03:24:24.693Z] [INFO] [saveState] Processing state saved to data/psi_processing_state.json
[2025-06-14T03:24:48.397Z] [INFO] [fetchPSISuccess] ✅ https://transparenciamunicipalaam.org.br/p/novo-airao → 0.65
[2025-06-14T03:24:48.405Z] [INFO] [saveState] Processing state saved to data/psi_processing_state.json
[2025-06-14T03:24:49.415Z] [INFO] [saveState] Processing state saved to data/psi_processing_state.json
[2025-06-14T03:25:12.204Z] [INFO] [fetchPSISuccess] ✅ https://transparenciamunicipalaam.org.br/p/novo-aripuana → 0.59
[2025-06-14T03:25:12.213Z] [INFO] [saveState] Processing state saved to data/psi_processing_state.json
[2025-06-14T03:25:13.222Z] [INFO] [saveState] Processing state saved to data/psi_processing_state.json
[2025-06-14T03:25:36.017Z] [INFO] [fetchPSISuccess] ✅ https://parintins.am.gov.br → 0.64
[2025-06-14T03:25:36.025Z] [INFO] [saveState] Processing state saved to data/psi_processing_state.json
[2025-06-14T03:25:37.035Z] [INFO] [saveState] Processing state saved to data/psi_processing_state.json
[2025-06-14T03:25:56.127Z] [INFO] [fetchPSISuccess] ✅ https://transparenciamunicipalaam.org.br/p/pauini → 0.6
[2025-06-14T03:25:56.135Z] [INFO] [saveState] Processing state saved to data/psi_processing_state.json
[2025-06-14T03:25:57.146Z] [INFO] [saveState] Processing state saved to data/psi_processing_state.json
[2025-06-14T03:26:55.749Z] [INFO] [fetchPSISuccess] ✅ http://presidentefigueiredo.am.gov.br → 0.06
[2025-06-14T03:26:55.757Z] [INFO] [saveState] Processing state saved to data/psi_processing_state.json
[2025-06-14T03:26:56.767Z] [INFO] [saveState] Processing state saved to data/psi_processing_state.json
[2025-06-14T03:27:22.593Z] [INFO] [fetchPSISuccess] ✅ http://riopretodaeva.am.gov.br → 0.59
[2025-06-14T03:27:22.602Z] [INFO] [saveState] Processing state saved to data/psi_processing_state.json
[2025-06-14T03:27:23.611Z] [INFO] [saveState] Processing state saved to data/psi_processing_state.json
[2025-06-14T03:27:46.708Z] [INFO] [fetchPSISuccess] ✅ https://santaisabeldorionegro.am.gov.br → 0.69
[2025-06-14T03:27:46.716Z] [INFO] [saveState] Processing state saved to data/psi_processing_state.json
[2025-06-14T03:27:47.727Z] [INFO] [saveState] Processing state saved to data/psi_processing_state.json
[2025-06-14T03:28:09.415Z] [INFO] [fetchPSISuccess] ✅ https://transparenciamunicipalaam.org.br/p/santo-antonio-do-ica → 0.59
[2025-06-14T03:28:09.423Z] [INFO] [saveState] Processing state saved to data/psi_processing_state.json
[2025-06-14T03:28:10.433Z] [INFO] [saveState] Processing state saved to data/psi_processing_state.json
[2025-06-14T03:29:00.867Z] [INFO] [fetchPSISuccess] ✅ https://silves.am.gov.br → 0.5
[2025-06-14T03:29:00.874Z] [INFO] [saveState] Processing state saved to data/psi_processing_state.json
[2025-06-14T03:29:01.885Z] [INFO] [saveState] Processing state saved to data/psi_processing_state.json
[2025-06-14T03:29:31.011Z] [INFO] [fetchPSISuccess] ✅ https://transparenciamunicipalaam.org.br/p/sao-gabriel-da-cachoeira → 0.66
[2025-06-14T03:29:31.019Z] [INFO] [saveState] Processing state saved to data/psi_processing_state.json
[2025-06-14T03:29:32.021Z] [INFO] [timeout] Time limit approaching. Stopping new requests. Elapsed: 9.51 mins.
[2025-06-14T03:29:32.022Z] [INFO] [summary] Processed 18 URLs in this run.
[2025-06-14T03:29:32.029Z] [INFO] [saveState] Processing state saved to data/psi_processing_state.json
[2025-06-14T03:29:32.029Z] [INFO] [main] PSI data collection script finished.
