[2025-05-30T03:40:45.008Z] Error for URL http://invalid-url-that-does-not-exist-hopefully.com: Simulated fetch error for non-existent URL
[2025-05-30T03:41:17.697Z] Erro ao ler ou processar o arquivo CSV test_sites.csv: ENOENT: no such file or directory, open 'test_sites.csv'
[2025-06-08T03:27:25.248Z] [INFO] [main] PSI data collection script started.
[2025-06-08T03:27:25.250Z] [INFO] [init] PSI_KEY environment variable is set.
[2025-06-08T03:27:25.250Z] [INFO] [init] Running in PRODUCTION mode. Input: /home/runner/work/sites_prefeituras/sites_prefeituras/sites_das_prefeituras_brasileiras.csv, Output: data/psi-results.json, CSV: data/psi-results.csv
[2025-06-08T03:27:25.257Z] [INFO] [loadState] Loaded processing state from data/psi_processing_state.json
[2025-06-08T03:27:25.306Z] [INFO] [readCsvFile] Loaded 5551 URLs from /home/runner/work/sites_prefeituras/sites_prefeituras/sites_das_prefeituras_brasileiras.csv after initial filter.
[2025-06-08T03:27:25.312Z] [INFO] [urlPrioritization] Prioritized 5551 URLs for processing. Newest/oldest attempts will be processed first.
[2025-06-08T03:27:25.312Z] [INFO] [mainLoop] Starting sequential processing of 5551 URLs with 1s spacing.
[2025-06-08T03:27:25.318Z] [INFO] [saveState] Processing state saved to data/psi_processing_state.json
[2025-06-08T03:27:51.227Z] [INFO] [fetchPSISuccess] ✅ https://campoalegre.al.gov.br → 0.35
[2025-06-08T03:27:51.236Z] [INFO] [saveState] Processing state saved to data/psi_processing_state.json
[2025-06-08T03:27:52.250Z] [INFO] [saveState] Processing state saved to data/psi_processing_state.json
[2025-06-08T03:28:17.604Z] [INFO] [fetchPSISuccess] ✅ https://campogrande.al.gov.br → 0.63
[2025-06-08T03:28:17.613Z] [INFO] [saveState] Processing state saved to data/psi_processing_state.json
[2025-06-08T03:28:18.622Z] [INFO] [saveState] Processing state saved to data/psi_processing_state.json
[2025-06-08T03:28:41.430Z] [INFO] [fetchPSISuccess] ✅ https://canapi.al.gov.br → 0.53
[2025-06-08T03:28:41.438Z] [INFO] [saveState] Processing state saved to data/psi_processing_state.json
[2025-06-08T03:28:42.449Z] [INFO] [saveState] Processing state saved to data/psi_processing_state.json
[2025-06-08T03:29:28.374Z] [INFO] [fetchPSISuccess] ✅ http://capela.al.gov.br → 0.49
[2025-06-08T03:29:28.382Z] [INFO] [saveState] Processing state saved to data/psi_processing_state.json
[2025-06-08T03:29:29.393Z] [INFO] [saveState] Processing state saved to data/psi_processing_state.json
[2025-06-08T03:29:57.984Z] [INFO] [fetchPSISuccess] ✅ https://carneiros.al.gov.br → 0.53
[2025-06-08T03:29:57.995Z] [INFO] [saveState] Processing state saved to data/psi_processing_state.json
[2025-06-08T03:29:59.003Z] [INFO] [saveState] Processing state saved to data/psi_processing_state.json
[2025-06-08T03:30:21.333Z] [INFO] [fetchPSISuccess] ✅ https://chapreta.al.gov.br → 0.59
[2025-06-08T03:30:21.342Z] [INFO] [saveState] Processing state saved to data/psi_processing_state.json
[2025-06-08T03:30:22.351Z] [INFO] [saveState] Processing state saved to data/psi_processing_state.json
[2025-06-08T03:30:42.638Z] [ERROR] [fetchPSI] Error for URL https://coitedonoia.al.gov.br: Lighthouse returned error: NO_FCP. The page did not paint any content. Please ensure you keep the browser window in the foreground during the load and try again. (NO_FCP)
[2025-06-08T03:30:42.647Z] [INFO] [saveState] Processing state saved to data/psi_processing_state.json
[2025-06-08T03:30:43.656Z] [INFO] [saveState] Processing state saved to data/psi_processing_state.json
[2025-06-08T03:31:08.430Z] [INFO] [fetchPSISuccess] ✅ https://colonialeopoldina.al.gov.br → 0.42
[2025-06-08T03:31:08.439Z] [INFO] [saveState] Processing state saved to data/psi_processing_state.json
[2025-06-08T03:31:09.448Z] [INFO] [saveState] Processing state saved to data/psi_processing_state.json
[2025-06-08T03:31:28.798Z] [INFO] [fetchPSISuccess] ✅ http://www.coqueiroseco.al.gov.br → 0.43
[2025-06-08T03:31:28.807Z] [INFO] [saveState] Processing state saved to data/psi_processing_state.json
[2025-06-08T03:31:29.817Z] [INFO] [saveState] Processing state saved to data/psi_processing_state.json
[2025-06-08T03:32:08.124Z] [INFO] [fetchPSISuccess] ✅ http://coruripe.al.gov.br → 0.54
[2025-06-08T03:32:08.133Z] [INFO] [saveState] Processing state saved to data/psi_processing_state.json
[2025-06-08T03:32:09.142Z] [INFO] [saveState] Processing state saved to data/psi_processing_state.json
[2025-06-08T03:32:52.040Z] [INFO] [fetchPSISuccess] ✅ https://craibas.al.gov.br → 0.21
[2025-06-08T03:32:52.048Z] [INFO] [saveState] Processing state saved to data/psi_processing_state.json
[2025-06-08T03:32:53.058Z] [INFO] [saveState] Processing state saved to data/psi_processing_state.json
[2025-06-08T03:33:33.727Z] [INFO] [fetchPSISuccess] ✅ https://delmirogouveia.al.gov.br → 0.48
[2025-06-08T03:33:33.736Z] [INFO] [saveState] Processing state saved to data/psi_processing_state.json
[2025-06-08T03:33:34.745Z] [INFO] [saveState] Processing state saved to data/psi_processing_state.json
[2025-06-08T03:33:55.008Z] [INFO] [fetchPSISuccess] ✅ http://www.doisriachos.al.gov.br → 0.64
[2025-06-08T03:33:55.017Z] [INFO] [saveState] Processing state saved to data/psi_processing_state.json
[2025-06-08T03:33:56.026Z] [INFO] [saveState] Processing state saved to data/psi_processing_state.json
[2025-06-08T03:34:15.664Z] [ERROR] [fetchPSI] Error for URL https://estreladealagoas.al.gov.br: Lighthouse returned error: FAILED_DOCUMENT_REQUEST. Lighthouse was unable to reliably load the page you requested. Make sure you are testing the correct URL and that the server is properly responding to all requests. (Details: net::ERR_TIMED_OUT)
[2025-06-08T03:34:15.672Z] [INFO] [saveState] Processing state saved to data/psi_processing_state.json
[2025-06-08T03:34:16.682Z] [INFO] [saveState] Processing state saved to data/psi_processing_state.json
[2025-06-08T03:35:13.614Z] [INFO] [fetchPSISuccess] ✅ https://feiragrande.al.gov.br → 0.46
[2025-06-08T03:35:13.623Z] [INFO] [saveState] Processing state saved to data/psi_processing_state.json
[2025-06-08T03:35:14.631Z] [INFO] [saveState] Processing state saved to data/psi_processing_state.json
[2025-06-08T03:35:38.830Z] [INFO] [fetchPSISuccess] ✅ https://felizdeserto.al.gov.br → 0.79
[2025-06-08T03:35:38.839Z] [INFO] [saveState] Processing state saved to data/psi_processing_state.json
[2025-06-08T03:35:39.849Z] [INFO] [saveState] Processing state saved to data/psi_processing_state.json
[2025-06-08T03:35:57.929Z] [INFO] [fetchPSISuccess] ✅ https://flexeiras.al.gov.br → 0.81
[2025-06-08T03:35:57.937Z] [INFO] [saveState] Processing state saved to data/psi_processing_state.json
[2025-06-08T03:35:58.947Z] [INFO] [saveState] Processing state saved to data/psi_processing_state.json
[2025-06-08T03:36:33.766Z] [INFO] [fetchPSISuccess] ✅ http://www.giraudoponciano.al.gov.br → 0.49
[2025-06-08T03:36:33.775Z] [INFO] [saveState] Processing state saved to data/psi_processing_state.json
[2025-06-08T03:36:34.785Z] [INFO] [saveState] Processing state saved to data/psi_processing_state.json
[2025-06-08T03:36:57.004Z] [INFO] [fetchPSISuccess] ✅ https://ibateguara.al.gov.br → 0.67
[2025-06-08T03:36:57.012Z] [INFO] [saveState] Processing state saved to data/psi_processing_state.json
[2025-06-08T03:36:58.015Z] [INFO] [timeout] Time limit approaching. Stopping new requests. Elapsed: 9.55 mins.
[2025-06-08T03:36:58.015Z] [INFO] [summary] Processed 17 URLs in this run.
[2025-06-08T03:36:58.022Z] [INFO] [saveState] Processing state saved to data/psi_processing_state.json
[2025-06-08T03:36:58.022Z] [INFO] [main] PSI data collection script finished.
