[2025-05-30T03:40:45.008Z] Error for URL http://invalid-url-that-does-not-exist-hopefully.com: Simulated fetch error for non-existent URL
[2025-05-30T03:41:17.697Z] Erro ao ler ou processar o arquivo CSV test_sites.csv: ENOENT: no such file or directory, open 'test_sites.csv'
[2025-06-13T03:23:19.362Z] [INFO] [main] PSI data collection script started.
[2025-06-13T03:23:19.365Z] [INFO] [init] PSI_KEY environment variable is set.
[2025-06-13T03:23:19.365Z] [INFO] [init] Running in PRODUCTION mode. Input: /home/runner/work/sites_prefeituras/sites_prefeituras/sites_das_prefeituras_brasileiras.csv, Output: data/psi-results.json, CSV: data/psi-results.csv
[2025-06-13T03:23:19.371Z] [INFO] [loadState] Loaded processing state from data/psi_processing_state.json
[2025-06-13T03:23:19.420Z] [INFO] [readCsvFile] Loaded 5551 URLs from /home/runner/work/sites_prefeituras/sites_prefeituras/sites_das_prefeituras_brasileiras.csv after initial filter.
[2025-06-13T03:23:19.427Z] [INFO] [urlPrioritization] Prioritized 5551 URLs for processing. Newest/oldest attempts will be processed first.
[2025-06-13T03:23:19.428Z] [INFO] [mainLoop] Starting sequential processing of 5551 URLs with 1s spacing.
[2025-06-13T03:23:19.434Z] [INFO] [saveState] Processing state saved to data/psi_processing_state.json
[2025-06-13T03:23:30.160Z] [INFO] [fetchPSISuccess] ✅ https://transparenciamunicipalaam.org.br/p/barreirinha → 0.95
[2025-06-13T03:23:30.169Z] [INFO] [saveState] Processing state saved to data/psi_processing_state.json
[2025-06-13T03:23:31.180Z] [INFO] [saveState] Processing state saved to data/psi_processing_state.json
[2025-06-13T03:23:43.536Z] [INFO] [fetchPSISuccess] ✅ https://benjaminconstant.am.gov.br → 0.96
[2025-06-13T03:23:43.545Z] [INFO] [saveState] Processing state saved to data/psi_processing_state.json
[2025-06-13T03:23:44.554Z] [INFO] [saveState] Processing state saved to data/psi_processing_state.json
[2025-06-13T03:23:54.351Z] [INFO] [fetchPSISuccess] ✅ https://transparenciamunicipalaam.org.br/p/beruri → 0.95
[2025-06-13T03:23:54.361Z] [INFO] [saveState] Processing state saved to data/psi_processing_state.json
[2025-06-13T03:23:55.372Z] [INFO] [saveState] Processing state saved to data/psi_processing_state.json
[2025-06-13T03:24:23.631Z] [INFO] [fetchPSISuccess] ✅ https://transparenciamunicipalaam.org.br/p/boavistadoramos → 0.68
[2025-06-13T03:24:23.640Z] [INFO] [saveState] Processing state saved to data/psi_processing_state.json
[2025-06-13T03:24:24.649Z] [INFO] [saveState] Processing state saved to data/psi_processing_state.json
[2025-06-13T03:24:44.258Z] [ERROR] [fetchPSI] Error for URL http://bocadoacre.am.gov.br: Lighthouse returned error: FAILED_DOCUMENT_REQUEST. Lighthouse was unable to reliably load the page you requested. Make sure you are testing the correct URL and that the server is properly responding to all requests. (Details: net::ERR_CONNECTION_FAILED)
[2025-06-13T03:24:44.266Z] [INFO] [saveState] Processing state saved to data/psi_processing_state.json
[2025-06-13T03:24:45.275Z] [INFO] [saveState] Processing state saved to data/psi_processing_state.json
[2025-06-13T03:25:10.267Z] [INFO] [fetchPSISuccess] ✅ https://caapiranga.am.gov.br → 0.67
[2025-06-13T03:25:10.276Z] [INFO] [saveState] Processing state saved to data/psi_processing_state.json
[2025-06-13T03:25:11.286Z] [INFO] [saveState] Processing state saved to data/psi_processing_state.json
[2025-06-13T03:25:22.020Z] [INFO] [fetchPSISuccess] ✅ https://transparenciamunicipalaam.org.br/p/carauari → 0.95
[2025-06-13T03:25:22.028Z] [INFO] [saveState] Processing state saved to data/psi_processing_state.json
[2025-06-13T03:25:23.039Z] [INFO] [saveState] Processing state saved to data/psi_processing_state.json
[2025-06-13T03:25:46.882Z] [INFO] [fetchPSISuccess] ✅ https://carauari.am.gov.br → 0.6
[2025-06-13T03:25:46.891Z] [INFO] [saveState] Processing state saved to data/psi_processing_state.json
[2025-06-13T03:25:47.901Z] [INFO] [saveState] Processing state saved to data/psi_processing_state.json
[2025-06-13T03:26:11.569Z] [INFO] [fetchPSISuccess] ✅ https://transparenciamunicipalaam.org.br/p/careiro → 0.69
[2025-06-13T03:26:11.579Z] [INFO] [saveState] Processing state saved to data/psi_processing_state.json
[2025-06-13T03:26:12.590Z] [INFO] [saveState] Processing state saved to data/psi_processing_state.json
[2025-06-13T03:26:32.192Z] [INFO] [fetchPSISuccess] ✅ https://transparenciamunicipalaam.org.br/p/careiro-da-varzea → 0.59
[2025-06-13T03:26:32.200Z] [INFO] [saveState] Processing state saved to data/psi_processing_state.json
[2025-06-13T03:26:33.210Z] [INFO] [saveState] Processing state saved to data/psi_processing_state.json
[2025-06-13T03:27:11.099Z] [INFO] [fetchPSISuccess] ✅ http://coari.am.gov.br → 0.46
[2025-06-13T03:27:11.107Z] [INFO] [saveState] Processing state saved to data/psi_processing_state.json
[2025-06-13T03:27:12.118Z] [INFO] [saveState] Processing state saved to data/psi_processing_state.json
[2025-06-13T03:27:28.741Z] [INFO] [fetchPSISuccess] ✅ https://transparenciamunicipalaam.org.br/p/codajas → 0.59
[2025-06-13T03:27:28.751Z] [INFO] [saveState] Processing state saved to data/psi_processing_state.json
[2025-06-13T03:27:29.760Z] [INFO] [saveState] Processing state saved to data/psi_processing_state.json
[2025-06-13T03:27:53.293Z] [INFO] [fetchPSISuccess] ✅ https://transparenciamunicipalaam.org.br/p/eirunepe → 0.66
[2025-06-13T03:27:53.301Z] [INFO] [saveState] Processing state saved to data/psi_processing_state.json
[2025-06-13T03:27:54.311Z] [INFO] [saveState] Processing state saved to data/psi_processing_state.json
[2025-06-13T03:28:18.967Z] [INFO] [fetchPSISuccess] ✅ https://transparenciamunicipalaam.org.br/p/envira → 0.65
[2025-06-13T03:28:18.976Z] [INFO] [saveState] Processing state saved to data/psi_processing_state.json
[2025-06-13T03:28:19.986Z] [INFO] [saveState] Processing state saved to data/psi_processing_state.json
[2025-06-13T03:28:40.217Z] [INFO] [fetchPSISuccess] ✅ https://transparenciamunicipalaam.org.br/p/fonte-boa → 0.59
[2025-06-13T03:28:40.225Z] [INFO] [saveState] Processing state saved to data/psi_processing_state.json
[2025-06-13T03:28:41.234Z] [INFO] [saveState] Processing state saved to data/psi_processing_state.json
[2025-06-13T03:29:11.271Z] [INFO] [fetchPSISuccess] ✅ https://transparenciamunicipalaam.org.br/p/guajara → 0.63
[2025-06-13T03:29:11.280Z] [INFO] [saveState] Processing state saved to data/psi_processing_state.json
[2025-06-13T03:29:12.290Z] [INFO] [saveState] Processing state saved to data/psi_processing_state.json
[2025-06-13T03:29:45.929Z] [INFO] [fetchPSISuccess] ✅ http://humaita.am.gov.br → 0.34
[2025-06-13T03:29:45.937Z] [INFO] [saveState] Processing state saved to data/psi_processing_state.json
[2025-06-13T03:29:46.946Z] [INFO] [saveState] Processing state saved to data/psi_processing_state.json
[2025-06-13T03:30:11.306Z] [INFO] [fetchPSISuccess] ✅ https://transparenciamunicipalaam.org.br/p/ipixuna → 0.59
[2025-06-13T03:30:11.314Z] [INFO] [saveState] Processing state saved to data/psi_processing_state.json
[2025-06-13T03:30:12.325Z] [INFO] [saveState] Processing state saved to data/psi_processing_state.json
[2025-06-13T03:30:31.450Z] [ERROR] [fetchPSI] Error for URL http://www.iranduba.am.gov.br: Lighthouse returned error: FAILED_DOCUMENT_REQUEST. Lighthouse was unable to reliably load the page you requested. Make sure you are testing the correct URL and that the server is properly responding to all requests. (Details: net::ERR_TIMED_OUT)
[2025-06-13T03:30:31.458Z] [INFO] [saveState] Processing state saved to data/psi_processing_state.json
[2025-06-13T03:30:32.468Z] [INFO] [saveState] Processing state saved to data/psi_processing_state.json
[2025-06-13T03:31:08.403Z] [INFO] [fetchPSISuccess] ✅ http://www.itacoatiara.am.gov.br → 0.39
[2025-06-13T03:31:08.411Z] [INFO] [saveState] Processing state saved to data/psi_processing_state.json
[2025-06-13T03:31:09.420Z] [INFO] [saveState] Processing state saved to data/psi_processing_state.json
[2025-06-13T03:31:32.995Z] [INFO] [fetchPSISuccess] ✅ https://transparenciamunicipalaam.org.br/p/itamarati → 0.59
[2025-06-13T03:31:33.004Z] [INFO] [saveState] Processing state saved to data/psi_processing_state.json
[2025-06-13T03:31:34.013Z] [INFO] [saveState] Processing state saved to data/psi_processing_state.json
[2025-06-13T03:32:00.665Z] [INFO] [fetchPSISuccess] ✅ https://itapiranga.am.gov.br → 0.56
[2025-06-13T03:32:00.674Z] [INFO] [saveState] Processing state saved to data/psi_processing_state.json
[2025-06-13T03:32:01.685Z] [INFO] [saveState] Processing state saved to data/psi_processing_state.json
[2025-06-13T03:32:27.368Z] [INFO] [fetchPSISuccess] ✅ https://transparenciamunicipalaam.org.br/p/japura → 0.59
[2025-06-13T03:32:27.379Z] [INFO] [saveState] Processing state saved to data/psi_processing_state.json
[2025-06-13T03:32:28.388Z] [INFO] [saveState] Processing state saved to data/psi_processing_state.json
[2025-06-13T03:32:37.507Z] [INFO] [fetchPSISuccess] ✅ https://transparenciamunicipalaam.org.br/p/jurua → 0.95
[2025-06-13T03:32:37.515Z] [INFO] [saveState] Processing state saved to data/psi_processing_state.json
[2025-06-13T03:32:38.525Z] [INFO] [saveState] Processing state saved to data/psi_processing_state.json
[2025-06-13T03:32:49.586Z] [INFO] [fetchPSISuccess] ✅ https://transparenciamunicipalaam.org.br/p/jutai → 0.94
[2025-06-13T03:32:49.594Z] [INFO] [saveState] Processing state saved to data/psi_processing_state.json
[2025-06-13T03:32:50.597Z] [INFO] [timeout] Time limit approaching. Stopping new requests. Elapsed: 9.52 mins.
[2025-06-13T03:32:50.597Z] [INFO] [summary] Processed 23 URLs in this run.
[2025-06-13T03:32:50.605Z] [INFO] [saveState] Processing state saved to data/psi_processing_state.json
[2025-06-13T03:32:50.605Z] [INFO] [main] PSI data collection script finished.
