[2025-05-30T03:40:45.008Z] Error for URL http://invalid-url-that-does-not-exist-hopefully.com: Simulated fetch error for non-existent URL
[2025-05-30T03:41:17.697Z] Erro ao ler ou processar o arquivo CSV test_sites.csv: ENOENT: no such file or directory, open 'test_sites.csv'
[2025-06-15T03:27:58.189Z] [INFO] [main] PSI data collection script started.
[2025-06-15T03:27:58.192Z] [INFO] [init] PSI_KEY environment variable is set.
[2025-06-15T03:27:58.192Z] [INFO] [init] Running in PRODUCTION mode. Input: /home/runner/work/sites_prefeituras/sites_prefeituras/sites_das_prefeituras_brasileiras.csv, Output: data/psi-results.json, CSV: data/psi-results.csv
[2025-06-15T03:27:58.199Z] [INFO] [loadState] Loaded processing state from data/psi_processing_state.json
[2025-06-15T03:27:58.247Z] [INFO] [readCsvFile] Loaded 5551 URLs from /home/runner/work/sites_prefeituras/sites_prefeituras/sites_das_prefeituras_brasileiras.csv after initial filter.
[2025-06-15T03:27:58.253Z] [INFO] [urlPrioritization] Prioritized 5551 URLs for processing. Newest/oldest attempts will be processed first.
[2025-06-15T03:27:58.254Z] [INFO] [mainLoop] Starting sequential processing of 5551 URLs with 1s spacing.
[2025-06-15T03:27:58.260Z] [INFO] [saveState] Processing state saved to data/psi_processing_state.json
[2025-06-15T03:28:20.859Z] [INFO] [fetchPSISuccess] ✅ https://transparenciamunicipalaam.org.br/p/sao-paulo-de-olivenca → 0.59
[2025-06-15T03:28:20.868Z] [INFO] [saveState] Processing state saved to data/psi_processing_state.json
[2025-06-15T03:28:21.878Z] [INFO] [saveState] Processing state saved to data/psi_processing_state.json
[2025-06-15T03:28:45.650Z] [INFO] [fetchPSISuccess] ✅ https://saosebastiaodouatuma.am.gov.br → 0.48
[2025-06-15T03:28:45.658Z] [INFO] [saveState] Processing state saved to data/psi_processing_state.json
[2025-06-15T03:28:46.668Z] [INFO] [saveState] Processing state saved to data/psi_processing_state.json
[2025-06-15T03:29:14.010Z] [INFO] [fetchPSISuccess] ✅ https://tabatinga.am.gov.br → 0.59
[2025-06-15T03:29:14.019Z] [INFO] [saveState] Processing state saved to data/psi_processing_state.json
[2025-06-15T03:29:15.029Z] [INFO] [saveState] Processing state saved to data/psi_processing_state.json
[2025-06-15T03:29:33.985Z] [INFO] [fetchPSISuccess] ✅ http://tapaua.am.gov.br → 0.61
[2025-06-15T03:29:33.993Z] [INFO] [saveState] Processing state saved to data/psi_processing_state.json
[2025-06-15T03:29:35.004Z] [INFO] [saveState] Processing state saved to data/psi_processing_state.json
[2025-06-15T03:29:56.903Z] [INFO] [fetchPSISuccess] ✅ https://transparenciamunicipalaam.org.br/p/tefe → 0.59
[2025-06-15T03:29:56.911Z] [INFO] [saveState] Processing state saved to data/psi_processing_state.json
[2025-06-15T03:29:57.920Z] [INFO] [saveState] Processing state saved to data/psi_processing_state.json
[2025-06-15T03:30:08.505Z] [INFO] [fetchPSISuccess] ✅ https://transparenciamunicipalaam.org.br/p/tonantins → 0.94
[2025-06-15T03:30:08.513Z] [INFO] [saveState] Processing state saved to data/psi_processing_state.json
[2025-06-15T03:30:09.523Z] [INFO] [saveState] Processing state saved to data/psi_processing_state.json
[2025-06-15T03:30:26.765Z] [INFO] [fetchPSISuccess] ✅ https://transparenciamunicipalaam.org.br/p/uarini → 0.68
[2025-06-15T03:30:26.773Z] [INFO] [saveState] Processing state saved to data/psi_processing_state.json
[2025-06-15T03:30:27.782Z] [INFO] [saveState] Processing state saved to data/psi_processing_state.json
[2025-06-15T03:30:55.875Z] [INFO] [fetchPSISuccess] ✅ https://urucara.am.gov.br → 0.66
[2025-06-15T03:30:55.884Z] [INFO] [saveState] Processing state saved to data/psi_processing_state.json
[2025-06-15T03:30:56.893Z] [INFO] [saveState] Processing state saved to data/psi_processing_state.json
[2025-06-15T03:31:20.244Z] [INFO] [fetchPSISuccess] ✅ https://transparenciamunicipalaam.org.br/p/urucurituba → 0.6
[2025-06-15T03:31:20.253Z] [INFO] [saveState] Processing state saved to data/psi_processing_state.json
[2025-06-15T03:31:21.263Z] [INFO] [saveState] Processing state saved to data/psi_processing_state.json
[2025-06-15T03:32:30.077Z] [INFO] [fetchPSISuccess] ✅ http://amapa.ap.gov.br → 0.51
[2025-06-15T03:32:30.086Z] [INFO] [saveState] Processing state saved to data/psi_processing_state.json
[2025-06-15T03:32:31.095Z] [INFO] [saveState] Processing state saved to data/psi_processing_state.json
[2025-06-15T03:32:53.097Z] [INFO] [fetchPSISuccess] ✅ https://calcoene.ap.gov.br → 0.63
[2025-06-15T03:32:53.106Z] [INFO] [saveState] Processing state saved to data/psi_processing_state.json
[2025-06-15T03:32:54.115Z] [INFO] [saveState] Processing state saved to data/psi_processing_state.json
[2025-06-15T03:33:17.449Z] [INFO] [fetchPSISuccess] ✅ http://cutias.ap.gov.br → 0.45
[2025-06-15T03:33:17.458Z] [INFO] [saveState] Processing state saved to data/psi_processing_state.json
[2025-06-15T03:33:18.471Z] [INFO] [saveState] Processing state saved to data/psi_processing_state.json
[2025-06-15T03:33:38.450Z] [ERROR] [fetchPSI] Error for URL http://ferreiragomes.ap.gov.br: Lighthouse returned error: FAILED_DOCUMENT_REQUEST. Lighthouse was unable to reliably load the page you requested. Make sure you are testing the correct URL and that the server is properly responding to all requests. (Details: net::ERR_CONNECTION_FAILED)
[2025-06-15T03:33:38.458Z] [INFO] [saveState] Processing state saved to data/psi_processing_state.json
[2025-06-15T03:33:39.468Z] [INFO] [saveState] Processing state saved to data/psi_processing_state.json
[2025-06-15T03:34:16.281Z] [INFO] [fetchPSISuccess] ✅ http://itaubal.ap.gov.br → 0.54
[2025-06-15T03:34:16.289Z] [INFO] [saveState] Processing state saved to data/psi_processing_state.json
[2025-06-15T03:34:17.299Z] [INFO] [saveState] Processing state saved to data/psi_processing_state.json
[2025-06-15T03:35:32.323Z] [INFO] [fetchPSISuccess] ✅ http://laranjaldojari.ap.gov.br → 0.26
[2025-06-15T03:35:32.331Z] [INFO] [saveState] Processing state saved to data/psi_processing_state.json
[2025-06-15T03:35:33.340Z] [INFO] [saveState] Processing state saved to data/psi_processing_state.json
[2025-06-15T03:36:06.755Z] [INFO] [fetchPSISuccess] ✅ https://macapa.ap.gov.br → 0.74
[2025-06-15T03:36:06.765Z] [INFO] [saveState] Processing state saved to data/psi_processing_state.json
[2025-06-15T03:36:07.775Z] [INFO] [saveState] Processing state saved to data/psi_processing_state.json
[2025-06-15T03:36:35.411Z] [INFO] [fetchPSISuccess] ✅ http://mazagao.ap.gov.br → 0.61
[2025-06-15T03:36:35.420Z] [INFO] [saveState] Processing state saved to data/psi_processing_state.json
[2025-06-15T03:36:36.430Z] [INFO] [saveState] Processing state saved to data/psi_processing_state.json
[2025-06-15T03:36:56.291Z] [ERROR] [fetchPSI] Error for URL http://oiapoque.ap.gov.br: Lighthouse returned error: FAILED_DOCUMENT_REQUEST. Lighthouse was unable to reliably load the page you requested. Make sure you are testing the correct URL and that the server is properly responding to all requests. (Details: net::ERR_CONNECTION_FAILED)
[2025-06-15T03:36:56.299Z] [INFO] [saveState] Processing state saved to data/psi_processing_state.json
[2025-06-15T03:36:57.308Z] [INFO] [saveState] Processing state saved to data/psi_processing_state.json
[2025-06-15T03:37:18.532Z] [INFO] [fetchPSISuccess] ✅ http://amapari.ap.gov.br → 0.57
[2025-06-15T03:37:18.540Z] [INFO] [saveState] Processing state saved to data/psi_processing_state.json
[2025-06-15T03:37:19.550Z] [INFO] [saveState] Processing state saved to data/psi_processing_state.json
[2025-06-15T03:37:40.312Z] [ERROR] [fetchPSI] Error for URL https://portogrande.ap.gov.br: Lighthouse returned error: FAILED_DOCUMENT_REQUEST. Lighthouse was unable to reliably load the page you requested. Make sure you are testing the correct URL and that the server is properly responding to all requests. (Details: net::ERR_TIMED_OUT)
[2025-06-15T03:37:40.320Z] [INFO] [saveState] Processing state saved to data/psi_processing_state.json
[2025-06-15T03:37:41.321Z] [INFO] [timeout] Time limit approaching. Stopping new requests. Elapsed: 9.72 mins.
[2025-06-15T03:37:41.322Z] [INFO] [summary] Processed 17 URLs in this run.
[2025-06-15T03:37:41.330Z] [INFO] [saveState] Processing state saved to data/psi_processing_state.json
[2025-06-15T03:37:41.330Z] [INFO] [main] PSI data collection script finished.
