[2025-05-30T03:40:45.008Z] Error for URL http://invalid-url-that-does-not-exist-hopefully.com: Simulated fetch error for non-existent URL
[2025-05-30T03:41:17.697Z] Erro ao ler ou processar o arquivo CSV test_sites.csv: ENOENT: no such file or directory, open 'test_sites.csv'
[2025-06-12T03:22:15.273Z] [INFO] [main] PSI data collection script started.
[2025-06-12T03:22:15.275Z] [INFO] [init] PSI_KEY environment variable is set.
[2025-06-12T03:22:15.276Z] [INFO] [init] Running in PRODUCTION mode. Input: /home/runner/work/sites_prefeituras/sites_prefeituras/sites_das_prefeituras_brasileiras.csv, Output: data/psi-results.json, CSV: data/psi-results.csv
[2025-06-12T03:22:15.282Z] [INFO] [loadState] Loaded processing state from data/psi_processing_state.json
[2025-06-12T03:22:15.331Z] [INFO] [readCsvFile] Loaded 5551 URLs from /home/runner/work/sites_prefeituras/sites_prefeituras/sites_das_prefeituras_brasileiras.csv after initial filter.
[2025-06-12T03:22:15.338Z] [INFO] [urlPrioritization] Prioritized 5551 URLs for processing. Newest/oldest attempts will be processed first.
[2025-06-12T03:22:15.338Z] [INFO] [mainLoop] Starting sequential processing of 5551 URLs with 1s spacing.
[2025-06-12T03:22:15.345Z] [INFO] [saveState] Processing state saved to data/psi_processing_state.json
[2025-06-12T03:22:40.046Z] [INFO] [fetchPSISuccess] ✅ http://www.saomigueldosmilagres.al.gov.br → 0.51
[2025-06-12T03:22:40.055Z] [INFO] [saveState] Processing state saved to data/psi_processing_state.json
[2025-06-12T03:22:41.067Z] [INFO] [saveState] Processing state saved to data/psi_processing_state.json
[2025-06-12T03:23:01.716Z] [INFO] [fetchPSISuccess] ✅ https://saosebastiao.al.gov.br → 0.48
[2025-06-12T03:23:01.725Z] [INFO] [saveState] Processing state saved to data/psi_processing_state.json
[2025-06-12T03:23:02.736Z] [INFO] [saveState] Processing state saved to data/psi_processing_state.json
[2025-06-12T03:23:25.155Z] [INFO] [fetchPSISuccess] ✅ http://www.tanquedarca.al.gov.br → 0.51
[2025-06-12T03:23:25.164Z] [INFO] [saveState] Processing state saved to data/psi_processing_state.json
[2025-06-12T03:23:26.174Z] [INFO] [saveState] Processing state saved to data/psi_processing_state.json
[2025-06-12T03:24:06.681Z] [INFO] [fetchPSISuccess] ✅ https://taquarana.al.gov.br → 0.48
[2025-06-12T03:24:06.692Z] [INFO] [saveState] Processing state saved to data/psi_processing_state.json
[2025-06-12T03:24:07.702Z] [INFO] [saveState] Processing state saved to data/psi_processing_state.json
[2025-06-12T03:25:04.439Z] [ERROR] [fetchPSI] Error for URL https://teotoniovilela.al.gov.br: Lighthouse returned error: NO_FCP. The page did not paint any content. Please ensure you keep the browser window in the foreground during the load and try again. (NO_FCP)
[2025-06-12T03:25:04.447Z] [INFO] [saveState] Processing state saved to data/psi_processing_state.json
[2025-06-12T03:25:05.456Z] [INFO] [saveState] Processing state saved to data/psi_processing_state.json
[2025-06-12T03:25:53.097Z] [INFO] [fetchPSISuccess] ✅ https://traipu.al.gov.br → 0.47
[2025-06-12T03:25:53.106Z] [INFO] [saveState] Processing state saved to data/psi_processing_state.json
[2025-06-12T03:25:54.115Z] [INFO] [saveState] Processing state saved to data/psi_processing_state.json
[2025-06-12T03:26:29.782Z] [INFO] [fetchPSISuccess] ✅ https://uniaodospalmares.al.gov.br → 0.59
[2025-06-12T03:26:29.791Z] [INFO] [saveState] Processing state saved to data/psi_processing_state.json
[2025-06-12T03:26:30.801Z] [INFO] [saveState] Processing state saved to data/psi_processing_state.json
[2025-06-12T03:26:51.248Z] [INFO] [fetchPSISuccess] ✅ https://vicosa.al.gov.br → 0.58
[2025-06-12T03:26:51.256Z] [INFO] [saveState] Processing state saved to data/psi_processing_state.json
[2025-06-12T03:26:52.267Z] [INFO] [saveState] Processing state saved to data/psi_processing_state.json
[2025-06-12T03:27:28.650Z] [INFO] [fetchPSISuccess] ✅ https://aguabranca.al.gov.br → 0.54
[2025-06-12T03:27:28.661Z] [INFO] [saveState] Processing state saved to data/psi_processing_state.json
[2025-06-12T03:27:29.670Z] [INFO] [saveState] Processing state saved to data/psi_processing_state.json
[2025-06-12T03:27:50.912Z] [INFO] [fetchPSISuccess] ✅ https://transparenciamunicipalaam.org.br/p/alvaraes → 0.59
[2025-06-12T03:27:50.921Z] [INFO] [saveState] Processing state saved to data/psi_processing_state.json
[2025-06-12T03:27:51.932Z] [INFO] [saveState] Processing state saved to data/psi_processing_state.json
[2025-06-12T03:28:12.685Z] [INFO] [fetchPSISuccess] ✅ http://www.amatura.am.gov.br → 0.56
[2025-06-12T03:28:12.694Z] [INFO] [saveState] Processing state saved to data/psi_processing_state.json
[2025-06-12T03:28:13.704Z] [INFO] [saveState] Processing state saved to data/psi_processing_state.json
[2025-06-12T03:30:13.984Z] [ERROR] [fetchPSI] Error for URL https://transparenciamunicipalaam.org.br/p/anama: Lighthouse returned error: Something went wrong.
[2025-06-12T03:30:13.993Z] [INFO] [saveState] Processing state saved to data/psi_processing_state.json
[2025-06-12T03:30:15.002Z] [INFO] [saveState] Processing state saved to data/psi_processing_state.json
[2025-06-12T03:30:33.320Z] [INFO] [fetchPSISuccess] ✅ https://transparenciamunicipalaam.org.br/p/anori → 0.7
[2025-06-12T03:30:33.329Z] [INFO] [saveState] Processing state saved to data/psi_processing_state.json
[2025-06-12T03:30:34.341Z] [INFO] [saveState] Processing state saved to data/psi_processing_state.json
[2025-06-12T03:30:59.439Z] [INFO] [fetchPSISuccess] ✅ https://apui.am.gov.br → 0.63
[2025-06-12T03:30:59.447Z] [INFO] [saveState] Processing state saved to data/psi_processing_state.json
[2025-06-12T03:31:00.457Z] [INFO] [saveState] Processing state saved to data/psi_processing_state.json
[2025-06-12T03:31:22.203Z] [INFO] [fetchPSISuccess] ✅ https://transparenciamunicipalaam.org.br/p/atalaia-do-norte → 0.65
[2025-06-12T03:31:22.214Z] [INFO] [saveState] Processing state saved to data/psi_processing_state.json
[2025-06-12T03:31:23.223Z] [INFO] [saveState] Processing state saved to data/psi_processing_state.json
[2025-06-12T03:31:42.627Z] [INFO] [fetchPSISuccess] ✅ https://autazes.am.gov.br → 0.51
[2025-06-12T03:31:42.635Z] [INFO] [saveState] Processing state saved to data/psi_processing_state.json
[2025-06-12T03:31:43.644Z] [INFO] [saveState] Processing state saved to data/psi_processing_state.json
[2025-06-12T03:31:55.451Z] [INFO] [fetchPSISuccess] ✅ http://barcelos.am.gov.br → 0.99
[2025-06-12T03:31:55.459Z] [INFO] [saveState] Processing state saved to data/psi_processing_state.json
[2025-06-12T03:31:56.461Z] [INFO] [timeout] Time limit approaching. Stopping new requests. Elapsed: 9.69 mins.
[2025-06-12T03:31:56.461Z] [INFO] [summary] Processed 15 URLs in this run.
[2025-06-12T03:31:56.469Z] [INFO] [saveState] Processing state saved to data/psi_processing_state.json
[2025-06-12T03:31:56.469Z] [INFO] [main] PSI data collection script finished.
